# JRE version: OpenJDK Runtime Environment (8.0_152-b06) (build 1.8.0_152-release-1136-b06)
# Java VM: OpenJDK 64-Bit Server VM (25.152-b06 mixed mode linux-amd64 compressed oops)
Heap:
 PSYoungGen      total 271360K, used 9782K [0x00000000e0000000, 0x00000000f2080000, 0x0000000100000000)
  eden space 247296K, 0% used [0x00000000e0000000,0x00000000e0000000,0x00000000ef180000)
  from space 24064K, 40% used [0x00000000ef180000,0x00000000efb0d808,0x00000000f0900000)
  to   space 17408K, 0% used [0x00000000f0f80000,0x00000000f0f80000,0x00000000f2080000)
 ParOldGen       total 99328K, used 67282K [0x00000000a0000000, 0x00000000a6100000, 0x00000000e0000000)
  object space 99328K, 67% used [0x00000000a0000000,0x00000000a41b4928,0x00000000a6100000)
 Metaspace       used 80231K, capacity 83066K, committed 83328K, reserved 1122304K
  class space    used 10431K, capacity 11085K, committed 11136K, reserved 1048576K
GC Heap History (10 events):
Event: 95,140 GC heap after
Heap after GC invocations=18 (full 3):
 PSYoungGen      total 201216K, used 15328K [0x00000000e0000000, 0x00000000f0180000, 0x0000000100000000)
  eden space 185856K, 0% used [0x00000000e0000000,0x00000000e0000000,0x00000000eb580000)
  from space 15360K, 99% used [0x00000000eb580000,0x00000000ec478010,0x00000000ec480000)
  to   space 19456K, 0% used [0x00000000eee80000,0x00000000eee80000,0x00000000f0180000)
 ParOldGen       total 63488K, used 40305K [0x00000000a0000000, 0x00000000a3e00000, 0x00000000e0000000)
  object space 63488K, 63% used [0x00000000a0000000,0x00000000a275c718,0x00000000a3e00000)
 Metaspace       used 60468K, capacity 62264K, committed 62464K, reserved 1103872K
  class space    used 8221K, capacity 8702K, committed 8704K, reserved 1048576K
}
Event: 170,877 GC heap before
{Heap before GC invocations=19 (full 3):
 PSYoungGen      total 201216K, used 201184K [0x00000000e0000000, 0x00000000f0180000, 0x0000000100000000)
  eden space 185856K, 100% used [0x00000000e0000000,0x00000000eb580000,0x00000000eb580000)
  from space 15360K, 99% used [0x00000000eb580000,0x00000000ec478010,0x00000000ec480000)
  to   space 19456K, 0% used [0x00000000eee80000,0x00000000eee80000,0x00000000f0180000)
 ParOldGen       total 63488K, used 40305K [0x00000000a0000000, 0x00000000a3e00000, 0x00000000e0000000)
  object space 63488K, 63% used [0x00000000a0000000,0x00000000a275c718,0x00000000a3e00000)
 Metaspace       used 69936K, capacity 72349K, committed 72704K, reserved 1112064K
  class space    used 9265K, capacity 9861K, committed 9984K, reserved 1048576K
Event: 173,218 GC heap after
Heap after GC invocations=19 (full 3):
 PSYoungGen      total 242176K, used 15554K [0x00000000e0000000, 0x00000000f0480000, 0x0000000100000000)
  eden space 222720K, 0% used [0x00000000e0000000,0x00000000e0000000,0x00000000ed980000)
  from space 19456K, 79% used [0x00000000eee80000,0x00000000efdb09d8,0x00000000f0180000)
  to   space 21504K, 0% used [0x00000000ed980000,0x00000000ed980000,0x00000000eee80000)
 ParOldGen       total 63488K, used 55689K [0x00000000a0000000, 0x00000000a3e00000, 0x00000000e0000000)
  object space 63488K, 87% used [0x00000000a0000000,0x00000000a36627e8,0x00000000a3e00000)
 Metaspace       used 69936K, capacity 72349K, committed 72704K, reserved 1112064K
  class space    used 9265K, capacity 9861K, committed 9984K, reserved 1048576K
}
Event: 173,219 GC heap before
{Heap before GC invocations=20 (full 4):
 PSYoungGen      total 242176K, used 15554K [0x00000000e0000000, 0x00000000f0480000, 0x0000000100000000)
  eden space 222720K, 0% used [0x00000000e0000000,0x00000000e0000000,0x00000000ed980000)
  from space 19456K, 79% used [0x00000000eee80000,0x00000000efdb09d8,0x00000000f0180000)
  to   space 21504K, 0% used [0x00000000ed980000,0x00000000ed980000,0x00000000eee80000)
 ParOldGen       total 63488K, used 55689K [0x00000000a0000000, 0x00000000a3e00000, 0x00000000e0000000)
  object space 63488K, 87% used [0x00000000a0000000,0x00000000a36627e8,0x00000000a3e00000)
 Metaspace       used 69936K, capacity 72349K, committed 72704K, reserved 1112064K
  class space    used 9265K, capacity 9861K, committed 9984K, reserved 1048576K
Event: 178,869 GC heap after
Heap after GC invocations=20 (full 4):
 PSYoungGen      total 242176K, used 0K [0x00000000e0000000, 0x00000000f0480000, 0x0000000100000000)
  eden space 222720K, 0% used [0x00000000e0000000,0x00000000e0000000,0x00000000ed980000)
  from space 19456K, 0% used [0x00000000eee80000,0x00000000eee80000,0x00000000f0180000)
  to   space 21504K, 0% used [0x00000000ed980000,0x00000000ed980000,0x00000000eee80000)
 ParOldGen       total 99328K, used 58667K [0x00000000a0000000, 0x00000000a6100000, 0x00000000e0000000)
  object space 99328K, 59% used [0x00000000a0000000,0x00000000a394ad30,0x00000000a6100000)
 Metaspace       used 69935K, capacity 72347K, committed 72704K, reserved 1112064K
  class space    used 9265K, capacity 9860K, committed 9984K, reserved 1048576K
}
Event: 204,660 GC heap before
{Heap before GC invocations=21 (full 4):
 PSYoungGen      total 242176K, used 221826K [0x00000000e0000000, 0x00000000f0480000, 0x0000000100000000)
  eden space 222720K, 99% used [0x00000000e0000000,0x00000000ed8a0b78,0x00000000ed980000)
  from space 19456K, 0% used [0x00000000eee80000,0x00000000eee80000,0x00000000f0180000)
  to   space 21504K, 0% used [0x00000000ed980000,0x00000000ed980000,0x00000000eee80000)
 ParOldGen       total 99328K, used 58667K [0x00000000a0000000, 0x00000000a6100000, 0x00000000e0000000)
  object space 99328K, 59% used [0x00000000a0000000,0x00000000a394ad30,0x00000000a6100000)
 Metaspace       used 75009K, capacity 77567K, committed 77824K, reserved 1116160K
  class space    used 9790K, capacity 10388K, committed 10496K, reserved 1048576K
Event: 205,448 GC heap after
Heap after GC invocations=21 (full 4):
 PSYoungGen      total 244224K, used 21486K [0x00000000e0000000, 0x00000000f2880000, 0x0000000100000000)
  eden space 222720K, 0% used [0x00000000e0000000,0x00000000e0000000,0x00000000ed980000)
  from space 21504K, 99% used [0x00000000ed980000,0x00000000eee7b918,0x00000000eee80000)
  to   space 25600K, 0% used [0x00000000f0f80000,0x00000000f0f80000,0x00000000f2880000)
 ParOldGen       total 99328K, used 61234K [0x00000000a0000000, 0x00000000a6100000, 0x00000000e0000000)
  object space 99328K, 61% used [0x00000000a0000000,0x00000000a3bcc818,0x00000000a6100000)
 Metaspace       used 75009K, capacity 77567K, committed 77824K, reserved 1116160K
  class space    used 9790K, capacity 10388K, committed 10496K, reserved 1048576K
}
Event: 902,594 GC heap before
{Heap before GC invocations=22 (full 4):
 PSYoungGen      total 244224K, used 244206K [0x00000000e0000000, 0x00000000f2880000, 0x0000000100000000)
  eden space 222720K, 100% used [0x00000000e0000000,0x00000000ed980000,0x00000000ed980000)
  from space 21504K, 99% used [0x00000000ed980000,0x00000000eee7b918,0x00000000eee80000)
  to   space 25600K, 0% used [0x00000000f0f80000,0x00000000f0f80000,0x00000000f2880000)
 ParOldGen       total 99328K, used 61234K [0x00000000a0000000, 0x00000000a6100000, 0x00000000e0000000)
  object space 99328K, 61% used [0x00000000a0000000,0x00000000a3bcc818,0x00000000a6100000)
 Metaspace       used 77919K, capacity 80659K, committed 81024K, reserved 1120256K
  class space    used 10110K, capacity 10762K, committed 10880K, reserved 1048576K
Event: 904,584 GC heap after
Heap after GC invocations=22 (full 4):
 PSYoungGen      total 264704K, used 9897K [0x00000000e0000000, 0x00000000f2080000, 0x0000000100000000)
  eden space 247296K, 0% used [0x00000000e0000000,0x00000000e0000000,0x00000000ef180000)
  from space 17408K, 56% used [0x00000000f0f80000,0x00000000f192a778,0x00000000f2080000)
  to   space 24064K, 0% used [0x00000000ef180000,0x00000000ef180000,0x00000000f0900000)
 ParOldGen       total 99328K, used 67274K [0x00000000a0000000, 0x00000000a6100000, 0x00000000e0000000)
  object space 99328K, 67% used [0x00000000a0000000,0x00000000a41b2928,0x00000000a6100000)
 Metaspace       used 77919K, capacity 80659K, committed 81024K, reserved 1120256K
  class space    used 10110K, capacity 10762K, committed 10880K, reserved 1048576K
}
Event: 1345,062 GC heap before
{Heap before GC invocations=23 (full 4):
 PSYoungGen      total 264704K, used 257193K [0x00000000e0000000, 0x00000000f2080000, 0x0000000100000000)
  eden space 247296K, 100% used [0x00000000e0000000,0x00000000ef180000,0x00000000ef180000)
  from space 17408K, 56% used [0x00000000f0f80000,0x00000000f192a778,0x00000000f2080000)
  to   space 24064K, 0% used [0x00000000ef180000,0x00000000ef180000,0x00000000f0900000)
 ParOldGen       total 99328K, used 67274K [0x00000000a0000000, 0x00000000a6100000, 0x00000000e0000000)
  object space 99328K, 67% used [0x00000000a0000000,0x00000000a41b2928,0x00000000a6100000)
 Metaspace       used 80231K, capacity 83066K, committed 83328K, reserved 1122304K
  class space    used 10431K, capacity 11085K, committed 11136K, reserved 1048576K

